Name                                                     Stmts   Miss  Cover   Missing
--------------------------------------------------------------------------------------
config/__init__.py                                           0      0   100%
config/asgi.py                                               4      4     0%   10-16
config/settings.py                                          27      0   100%
config/urls.py                                               7      1    86%   9
config/wsgi.py                                               4      4     0%   10-16
manage.py                                                   11      2    82%   12-13
materials/__init__.py                                        0      0   100%
materials/admin.py                                           1      0   100%
materials/apps.py                                            4      0   100%
materials/migrations/0001_initial.py                         6      0   100%
materials/migrations/0002_course_owner_lesson_owner.py       6      0   100%
materials/migrations/0003_subscription.py                    6      0   100%
materials/migrations/__init__.py                             0      0   100%
materials/models.py                                         33      3    91%   34, 79, 104
materials/paginators.py                                      5      0   100%
materials/permissions.py                                    12      2    83%   6, 17
materials/serializers.py                                    27      5    81%   34, 37-40
materials/tests.py                                          62     10    84%   45-67
materials/urls.py                                            6      0   100%
materials/validators.py                                      7      4    43%   11-15
materials/views.py                                          92     46    50%   22-30, 33-36, 39, 59, 63, 68-71, 81-88, 92-97, 111, 114-117, 121-124, 127-144
users/__init__.py                                            0      0   100%
users/admin.py                                               1      0   100%
users/apps.py                                                4      0   100%
users/filters.py                                            10      0   100%
users/management/__init__.py                                 0      0   100%
users/management/commands/__init__.py                        0      0   100%
users/management/commands/generate_test_payments.py         19     19     0%   1-34
users/managers.py                                           19      8    58%   9, 17-25
users/migrations/0001_initial.py                             7      0   100%
users/migrations/0002_payment.py                             6      0   100%
users/migrations/0003_alter_user_managers.py                 5      0   100%
users/migrations/__init__.py                                 0      0   100%
users/models.py                                             29      2    93%   48, 65
users/permissions.py                                        12      5    58%   6, 15, 21-24
users/serializers.py                                        24      5    79%   38-42
users/tests.py                                               1      0   100%
users/urls.py                                                9      0   100%
users/views.py                                              28      4    86%   21-25
--------------------------------------------------------------------------------------
TOTAL                                                      494    124    75%
